
> dentist@0.1.0 build
> next build

⚠ Warning: Next.js inferred your workspace root, but it may not be correct.
 We detected multiple lockfiles and selected the directory of C:\Users\Neeraj\pnpm-lock.yaml as the root directory.
 To silence this warning, set `turbopack.root` in your Next.js config, or consider removing one of the lockfiles if it's not needed.
   See https://nextjs.org/docs/app/api-reference/config/next-config-js/turbopack#root-directory for more information.
 Detected additional lockfiles: 
   * C:\Users\Neeraj\Desktop\dentist\package-lock.json

▲ Next.js 16.1.6 (Turbopack)
- Environments: .env.local

  Creating an optimized production build ...
✓ Compiled successfully in 175.6min
  Running TypeScript ...
  Collecting page data using 7 workers ...
  Generating static pages using 7 workers (0/16) ...
  Generating static pages using 7 workers (4/16) 
  Generating static pages using 7 workers (8/16) 
  Generating static pages using 7 workers (12/16) 
✓ Generating static pages using 7 workers (16/16) in 2.5s
  Finalizing page optimization ...

Route (app)
┌ ○ /
├ ○ /_not-found
├ ƒ /api/auth/[...nextauth]
├ ○ /book
├ ƒ /dashboard
├ ƒ /dashboard/appointments
├ ƒ /dashboard/doctor
├ ƒ /dashboard/patients
├ ƒ /dashboard/receptionist
├ ƒ /dashboard/schedule
├ ƒ /dashboard/treatments
├ ○ /login
├ ○ /privacy
├ ○ /services
└ ○ /terms


ƒ Proxy (Middleware)

○  (Static)   prerendered as static content
ƒ  (Dynamic)  server-rendered on demand

